09/03/2023 13:39:08 - root - INFO - Oleg has logged in successfully!
09/03/2023 13:39:09 - root - INFO - Oleg has entered company:sam
09/03/2023 14:12:24 - root - INFO - da has logged in successfully!
09/03/2023 14:12:25 - root - INFO - da has entered company:ad
09/03/2023 14:12:44 - root - WARNING - Received invalid figure choice: a
09/03/2023 14:18:54 - root - INFO - Oleg has logged in successfully!
09/03/2023 14:18:56 - root - INFO - Oleg has entered company:sam
09/03/2023 14:20:57 - root - INFO - oleg has logged in successfully!
09/03/2023 14:21:00 - root - INFO - oleg has entered company:sam
09/03/2023 14:21:14 - root - WARNING - Received invalid figure choice: -1
09/03/2023 14:24:10 - root - INFO - oleg has logged in successfully!
09/03/2023 14:24:13 - root - INFO - oleg has entered company:Arslanov
09/03/2023 14:54:16 - root - INFO - dadda has logged in successfully!
09/03/2023 14:54:17 - root - INFO - dadda has entered company:ada
09/03/2023 15:14:17 - root - INFO - wd has logged in successfully!
09/03/2023 15:14:19 - root - INFO - wd has entered company:dw
09/03/2023 15:14:38 - root - WARNING - Received invalid figure choice: d
09/03/2023 15:16:09 - root - INFO - Oleg has logged in successfully!
09/03/2023 15:16:11 - root - INFO - Oleg has entered company:sas
09/03/2023 15:16:21 - root - INFO - da has logged in successfully!
09/03/2023 15:16:23 - root - INFO - da has entered company:da
09/03/2023 15:17:40 - root - INFO - daad has logged in successfully!
09/03/2023 15:17:41 - root - INFO - daad has entered company:da
09/03/2023 15:28:34 - root - INFO - sd has logged in successfully!
09/03/2023 15:28:35 - root - INFO - sd has entered company:ad
09/03/2023 15:33:46 - root - INFO - ole has logged in successfully!
09/03/2023 15:33:48 - root - INFO - ole has entered company:sa
09/03/2023 15:35:12 - root - INFO - da has logged in successfully!
09/03/2023 15:35:13 - root - INFO - da has entered company:da
09/03/2023 15:46:35 - root - INFO - da has logged in successfully!
09/03/2023 15:46:35 - root - INFO - da has entered company:ad
09/03/2023 15:58:58 - root - INFO - ad has logged in successfully!
09/03/2023 15:58:58 - root - INFO - ad has entered company:ad
09/03/2023 15:59:30 - root - INFO - da has logged in successfully!
09/03/2023 15:59:30 - root - INFO - da has entered company:ad
09/03/2023 16:00:42 - root - INFO - ol has logged in successfully!
09/03/2023 16:00:43 - root - INFO - ol has entered company:ad
09/03/2023 16:10:04 - root - INFO - da has logged in successfully!
09/03/2023 16:10:05 - root - INFO - da has entered company:da
09/03/2023 16:18:28 - root - INFO - Oleg has logged in successfully!
09/03/2023 16:18:30 - root - INFO - Oleg has entered company:ars
09/03/2023 16:20:13 - root - INFO - da has logged in successfully!
09/03/2023 16:20:14 - root - INFO - da has entered company:ad
09/03/2023 16:23:15 - root - INFO - da has logged in successfully!
09/03/2023 16:23:16 - root - INFO - da has entered company:ad
09/03/2023 16:26:23 - root - INFO - ad has logged in successfully!
09/03/2023 16:26:24 - root - INFO - ad has entered company:ad
09/03/2023 16:27:21 - root - INFO - da1 has logged in successfully!
09/03/2023 16:27:23 - root - INFO - da1 has entered company:da1
09/03/2023 16:27:31 - root - INFO - da has logged in successfully!
09/03/2023 16:27:31 - root - INFO - da has entered company:da
09/03/2023 16:31:48 - root - INFO - da2 has logged in successfully!
09/03/2023 16:31:49 - root - INFO - da2 has entered company:a3
09/03/2023 16:36:48 - root - INFO - da has logged in successfully!
09/03/2023 16:36:49 - root - INFO - da has entered company:ad
09/03/2023 16:39:06 - root - WARNING - Received invalid figure choice: a
09/03/2023 16:39:35 - root - INFO - ad has logged in successfully!
09/03/2023 16:39:36 - root - INFO - ad has entered company:ad
09/03/2023 16:40:29 - root - INFO - ad has logged in successfully!
09/03/2023 16:40:30 - root - INFO - ad has entered company:ad
09/03/2023 16:42:13 - root - INFO - da has logged in successfully!
09/03/2023 16:42:13 - root - INFO - da has entered company:ad
09/03/2023 16:42:22 - root - WARNING - Received invalid figure choice: a
09/03/2023 17:09:21 - root - INFO - Oleg has logged in successfully!
09/03/2023 17:09:23 - root - INFO - Oleg has entered company:bh
09/03/2023 17:11:48 - root - INFO - nj has logged in successfully!
09/03/2023 17:11:50 - root - INFO - nj has entered company:mk
09/03/2023 17:25:49 - root - INFO - uj has logged in successfully!
09/03/2023 17:25:51 - root - INFO - uj has entered company:bh
09/03/2023 17:27:27 - root - INFO - fg has logged in successfully!
09/03/2023 17:27:28 - root - INFO - fg has entered company:h
09/03/2023 17:28:53 - root - INFO - bh has logged in successfully!
09/03/2023 17:28:55 - root - INFO - bh has entered company:n
09/03/2023 17:36:22 - root - INFO - ole has logged in successfully!
09/03/2023 17:36:23 - root - INFO - ole has entered company:gf
09/03/2023 18:02:13 - root - INFO - Oleg has logged in successfully!
09/03/2023 18:02:16 - root - INFO - Oleg has entered company:Arslanov
09/03/2023 18:12:44 - root - INFO - Oleg has logged in successfully!
09/03/2023 18:12:48 - root - INFO - Oleg has entered company:arsl
09/03/2023 18:34:43 - root - INFO - Oleg has logged in successfully!
09/03/2023 18:34:46 - root - INFO - Oleg has entered company:sam
09/03/2023 18:37:48 - root - INFO - da has logged in successfully!
09/03/2023 18:37:48 - root - INFO - da has entered company:ad
09/03/2023 18:38:30 - root - INFO - da has logged in successfully!
09/03/2023 18:38:31 - root - INFO - da has entered company:ad
09/03/2023 18:41:26 - root - INFO - ad has logged in successfully!
09/03/2023 18:41:26 - root - INFO - ad has entered company:ad
09/03/2023 18:47:21 - root - INFO - leg has logged in successfully!
09/03/2023 18:47:24 - root - INFO - leg has entered company:A
09/03/2023 18:52:01 - root - INFO - da has logged in successfully!
09/03/2023 18:52:03 - root - INFO - da has entered company:hhhhh
09/03/2023 19:30:02 - root - INFO - Oleg has logged in successfully!
09/03/2023 19:30:07 - root - INFO - Oleg has entered company:samata
10/03/2023 10:08:28 - root - INFO - Oleg has logged in successfully!
10/03/2023 10:08:32 - root - INFO - Oleg has entered company:sam
10/03/2023 10:10:06 - root - INFO - oleg has logged in successfully!
10/03/2023 10:10:08 - root - INFO - oleg has entered company:sam
10/03/2023 10:11:15 - root - INFO - ole has logged in successfully!
10/03/2023 10:11:18 - root - INFO - ole has entered company:sam
10/03/2023 10:26:13 - root - INFO - Oleg has logged in successfully!
10/03/2023 10:26:17 - root - INFO - Oleg has entered company:sam
10/03/2023 10:29:03 - root - INFO - da has logged in successfully!
10/03/2023 10:29:03 - root - INFO - da has entered company:ad
10/03/2023 10:29:59 - root - INFO - ad has logged in successfully!
10/03/2023 10:30:00 - root - INFO - ad has entered company:da
10/03/2023 10:32:27 - root - INFO - Oleg has logged in successfully!
10/03/2023 10:32:29 - root - INFO - Oleg has entered company:d
